<?xml version="1.0" encoding="UTF-8"?>
<testsuite xmlns:xsi="http://www.w3.org/2001/XMLSchema-instance" xsi:noNamespaceSchemaLocation="https://maven.apache.org/surefire/maven-surefire-plugin/xsd/surefire-test-report.xsd" version="3.0.2" name="com.example.AppTest" time="0.082" tests="1" errors="0" skipped="0" failures="0">
  <properties>
    <property name="java.specification.version" value="21"/>
    <property name="sun.cpu.isalist" value="amd64"/>
    <property name="sun.jnu.encoding" value="Cp1252"/>
    <property name="java.class.path" value="C:\Users\MOHAMMED LAFRIKH\Desktop\student-course-management\target\test-classes;C:\Users\MOHAMMED LAFRIKH\Desktop\student-course-management\target\classes;C:\Users\MOHAMMED LAFRIKH\.m2\repository\org\springframework\boot\spring-boot-starter-data-jpa\3.4.0-SNAPSHOT\spring-boot-starter-data-jpa-3.4.0-SNAPSHOT.jar;C:\Users\MOHAMMED LAFRIKH\.m2\repository\org\springframework\boot\spring-boot-starter-aop\3.4.0-SNAPSHOT\spring-boot-starter-aop-3.4.0-SNAPSHOT.jar;C:\Users\MOHAMMED LAFRIKH\.m2\repository\org\springframework\spring-aop\6.2.0-RC3\spring-aop-6.2.0-RC3.jar;C:\Users\MOHAMMED LAFRIKH\.m2\repository\org\aspectj\aspectjweaver\1.9.22.1\aspectjweaver-1.9.22.1.jar;C:\Users\MOHAMMED LAFRIKH\.m2\repository\org\springframework\boot\spring-boot-starter-jdbc\3.4.0-SNAPSHOT\spring-boot-starter-jdbc-3.4.0-SNAPSHOT.jar;C:\Users\MOHAMMED LAFRIKH\.m2\repository\com\zaxxer\HikariCP\5.1.0\HikariCP-5.1.0.jar;C:\Users\MOHAMMED LAFRIKH\.m2\repository\org\springframework\spring-jdbc\6.2.0-RC3\spring-jdbc-6.2.0-RC3.jar;C:\Users\MOHAMMED LAFRIKH\.m2\repository\org\hibernate\orm\hibernate-core\6.6.1.Final\hibernate-core-6.6.1.Final.jar;C:\Users\MOHAMMED LAFRIKH\.m2\repository\jakarta\persistence\jakarta.persistence-api\3.1.0\jakarta.persistence-api-3.1.0.jar;C:\Users\MOHAMMED LAFRIKH\.m2\repository\jakarta\transaction\jakarta.transaction-api\2.0.1\jakarta.transaction-api-2.0.1.jar;C:\Users\MOHAMMED LAFRIKH\.m2\repository\org\jboss\logging\jboss-logging\3.6.1.Final\jboss-logging-3.6.1.Final.jar;C:\Users\MOHAMMED LAFRIKH\.m2\repository\org\hibernate\common\hibernate-commons-annotations\7.0.1.Final\hibernate-commons-annotations-7.0.1.Final.jar;C:\Users\MOHAMMED LAFRIKH\.m2\repository\io\smallrye\jandex\3.2.0\jandex-3.2.0.jar;C:\Users\MOHAMMED LAFRIKH\.m2\repository\com\fasterxml\classmate\1.7.0\classmate-1.7.0.jar;C:\Users\MOHAMMED LAFRIKH\.m2\repository\net\bytebuddy\byte-buddy\1.15.7\byte-buddy-1.15.7.jar;C:\Users\MOHAMMED LAFRIKH\.m2\repository\org\glassfish\jaxb\jaxb-runtime\4.0.5\jaxb-runtime-4.0.5.jar;C:\Users\MOHAMMED LAFRIKH\.m2\repository\org\glassfish\jaxb\jaxb-core\4.0.5\jaxb-core-4.0.5.jar;C:\Users\MOHAMMED LAFRIKH\.m2\repository\org\eclipse\angus\angus-activation\2.0.2\angus-activation-2.0.2.jar;C:\Users\MOHAMMED LAFRIKH\.m2\repository\org\glassfish\jaxb\txw2\4.0.5\txw2-4.0.5.jar;C:\Users\MOHAMMED LAFRIKH\.m2\repository\com\sun\istack\istack-commons-runtime\4.1.2\istack-commons-runtime-4.1.2.jar;C:\Users\MOHAMMED LAFRIKH\.m2\repository\jakarta\inject\jakarta.inject-api\2.0.1\jakarta.inject-api-2.0.1.jar;C:\Users\MOHAMMED LAFRIKH\.m2\repository\org\antlr\antlr4-runtime\4.13.0\antlr4-runtime-4.13.0.jar;C:\Users\MOHAMMED LAFRIKH\.m2\repository\org\springframework\data\spring-data-jpa\3.4.0-RC1\spring-data-jpa-3.4.0-RC1.jar;C:\Users\MOHAMMED LAFRIKH\.m2\repository\org\springframework\data\spring-data-commons\3.4.0-RC1\spring-data-commons-3.4.0-RC1.jar;C:\Users\MOHAMMED LAFRIKH\.m2\repository\org\springframework\spring-orm\6.2.0-RC3\spring-orm-6.2.0-RC3.jar;C:\Users\MOHAMMED LAFRIKH\.m2\repository\org\springframework\spring-context\6.2.0-RC3\spring-context-6.2.0-RC3.jar;C:\Users\MOHAMMED LAFRIKH\.m2\repository\org\springframework\spring-tx\6.2.0-RC3\spring-tx-6.2.0-RC3.jar;C:\Users\MOHAMMED LAFRIKH\.m2\repository\org\springframework\spring-beans\6.2.0-RC3\spring-beans-6.2.0-RC3.jar;C:\Users\MOHAMMED LAFRIKH\.m2\repository\jakarta\annotation\jakarta.annotation-api\2.1.1\jakarta.annotation-api-2.1.1.jar;C:\Users\MOHAMMED LAFRIKH\.m2\repository\org\slf4j\slf4j-api\2.0.16\slf4j-api-2.0.16.jar;C:\Users\MOHAMMED LAFRIKH\.m2\repository\org\springframework\spring-aspects\6.2.0-RC3\spring-aspects-6.2.0-RC3.jar;C:\Users\MOHAMMED LAFRIKH\.m2\repository\org\springframework\boot\spring-boot-starter-thymeleaf\3.4.0-SNAPSHOT\spring-boot-starter-thymeleaf-3.4.0-SNAPSHOT.jar;C:\Users\MOHAMMED LAFRIKH\.m2\repository\org\springframework\boot\spring-boot-starter\3.4.0-SNAPSHOT\spring-boot-starter-3.4.0-SNAPSHOT.jar;C:\Users\MOHAMMED LAFRIKH\.m2\repository\org\springframework\boot\spring-boot-starter-logging\3.4.0-SNAPSHOT\spring-boot-starter-logging-3.4.0-SNAPSHOT.jar;C:\Users\MOHAMMED LAFRIKH\.m2\repository\ch\qos\logback\logback-classic\1.5.11\logback-classic-1.5.11.jar;C:\Users\MOHAMMED LAFRIKH\.m2\repository\ch\qos\logback\logback-core\1.5.11\logback-core-1.5.11.jar;C:\Users\MOHAMMED LAFRIKH\.m2\repository\org\apache\logging\log4j\log4j-to-slf4j\2.24.1\log4j-to-slf4j-2.24.1.jar;C:\Users\MOHAMMED LAFRIKH\.m2\repository\org\apache\logging\log4j\log4j-api\2.24.1\log4j-api-2.24.1.jar;C:\Users\MOHAMMED LAFRIKH\.m2\repository\org\slf4j\jul-to-slf4j\2.0.16\jul-to-slf4j-2.0.16.jar;C:\Users\MOHAMMED LAFRIKH\.m2\repository\org\yaml\snakeyaml\2.3\snakeyaml-2.3.jar;C:\Users\MOHAMMED LAFRIKH\.m2\repository\org\thymeleaf\thymeleaf-spring6\3.1.2.RELEASE\thymeleaf-spring6-3.1.2.RELEASE.jar;C:\Users\MOHAMMED LAFRIKH\.m2\repository\org\thymeleaf\thymeleaf\3.1.2.RELEASE\thymeleaf-3.1.2.RELEASE.jar;C:\Users\MOHAMMED LAFRIKH\.m2\repository\org\attoparser\attoparser\2.0.7.RELEASE\attoparser-2.0.7.RELEASE.jar;C:\Users\MOHAMMED LAFRIKH\.m2\repository\org\unbescape\unbescape\1.1.6.RELEASE\unbescape-1.1.6.RELEASE.jar;C:\Users\MOHAMMED LAFRIKH\.m2\repository\org\springframework\boot\spring-boot-starter-web\3.4.0-SNAPSHOT\spring-boot-starter-web-3.4.0-SNAPSHOT.jar;C:\Users\MOHAMMED LAFRIKH\.m2\repository\org\springframework\boot\spring-boot-starter-json\3.4.0-SNAPSHOT\spring-boot-starter-json-3.4.0-SNAPSHOT.jar;C:\Users\MOHAMMED LAFRIKH\.m2\repository\com\fasterxml\jackson\core\jackson-databind\2.18.0\jackson-databind-2.18.0.jar;C:\Users\MOHAMMED LAFRIKH\.m2\repository\com\fasterxml\jackson\core\jackson-annotations\2.18.0\jackson-annotations-2.18.0.jar;C:\Users\MOHAMMED LAFRIKH\.m2\repository\com\fasterxml\jackson\core\jackson-core\2.18.0\jackson-core-2.18.0.jar;C:\Users\MOHAMMED LAFRIKH\.m2\repository\com\fasterxml\jackson\datatype\jackson-datatype-jdk8\2.18.0\jackson-datatype-jdk8-2.18.0.jar;C:\Users\MOHAMMED LAFRIKH\.m2\repository\com\fasterxml\jackson\datatype\jackson-datatype-jsr310\2.18.0\jackson-datatype-jsr310-2.18.0.jar;C:\Users\MOHAMMED LAFRIKH\.m2\repository\com\fasterxml\jackson\module\jackson-module-parameter-names\2.18.0\jackson-module-parameter-names-2.18.0.jar;C:\Users\MOHAMMED LAFRIKH\.m2\repository\org\springframework\boot\spring-boot-starter-tomcat\3.4.0-SNAPSHOT\spring-boot-starter-tomcat-3.4.0-SNAPSHOT.jar;C:\Users\MOHAMMED LAFRIKH\.m2\repository\org\apache\tomcat\embed\tomcat-embed-core\10.1.31\tomcat-embed-core-10.1.31.jar;C:\Users\MOHAMMED LAFRIKH\.m2\repository\org\apache\tomcat\embed\tomcat-embed-el\10.1.31\tomcat-embed-el-10.1.31.jar;C:\Users\MOHAMMED LAFRIKH\.m2\repository\org\apache\tomcat\embed\tomcat-embed-websocket\10.1.31\tomcat-embed-websocket-10.1.31.jar;C:\Users\MOHAMMED LAFRIKH\.m2\repository\org\springframework\spring-web\6.2.0-RC3\spring-web-6.2.0-RC3.jar;C:\Users\MOHAMMED LAFRIKH\.m2\repository\io\micrometer\micrometer-observation\1.14.0-RC1\micrometer-observation-1.14.0-RC1.jar;C:\Users\MOHAMMED LAFRIKH\.m2\repository\io\micrometer\micrometer-commons\1.14.0-RC1\micrometer-commons-1.14.0-RC1.jar;C:\Users\MOHAMMED LAFRIKH\.m2\repository\org\springframework\spring-webmvc\6.2.0-RC3\spring-webmvc-6.2.0-RC3.jar;C:\Users\MOHAMMED LAFRIKH\.m2\repository\org\springframework\spring-expression\6.2.0-RC3\spring-expression-6.2.0-RC3.jar;C:\Users\MOHAMMED LAFRIKH\.m2\repository\org\springframework\boot\spring-boot-devtools\3.4.0-SNAPSHOT\spring-boot-devtools-3.4.0-SNAPSHOT.jar;C:\Users\MOHAMMED LAFRIKH\.m2\repository\org\springframework\boot\spring-boot\3.4.0-SNAPSHOT\spring-boot-3.4.0-SNAPSHOT.jar;C:\Users\MOHAMMED LAFRIKH\.m2\repository\org\springframework\boot\spring-boot-autoconfigure\3.4.0-SNAPSHOT\spring-boot-autoconfigure-3.4.0-SNAPSHOT.jar;C:\Users\MOHAMMED LAFRIKH\.m2\repository\com\mysql\mysql-connector-j\9.1.0\mysql-connector-j-9.1.0.jar;C:\Users\MOHAMMED LAFRIKH\.m2\repository\org\springframework\boot\spring-boot-starter-test\3.4.0-SNAPSHOT\spring-boot-starter-test-3.4.0-SNAPSHOT.jar;C:\Users\MOHAMMED LAFRIKH\.m2\repository\org\springframework\boot\spring-boot-test\3.4.0-SNAPSHOT\spring-boot-test-3.4.0-SNAPSHOT.jar;C:\Users\MOHAMMED LAFRIKH\.m2\repository\org\springframework\boot\spring-boot-test-autoconfigure\3.4.0-SNAPSHOT\spring-boot-test-autoconfigure-3.4.0-SNAPSHOT.jar;C:\Users\MOHAMMED LAFRIKH\.m2\repository\com\jayway\jsonpath\json-path\2.9.0\json-path-2.9.0.jar;C:\Users\MOHAMMED LAFRIKH\.m2\repository\jakarta\xml\bind\jakarta.xml.bind-api\4.0.2\jakarta.xml.bind-api-4.0.2.jar;C:\Users\MOHAMMED LAFRIKH\.m2\repository\jakarta\activation\jakarta.activation-api\2.1.3\jakarta.activation-api-2.1.3.jar;C:\Users\MOHAMMED LAFRIKH\.m2\repository\net\minidev\json-smart\2.5.1\json-smart-2.5.1.jar;C:\Users\MOHAMMED LAFRIKH\.m2\repository\net\minidev\accessors-smart\2.5.1\accessors-smart-2.5.1.jar;C:\Users\MOHAMMED LAFRIKH\.m2\repository\org\ow2\asm\asm\9.6\asm-9.6.jar;C:\Users\MOHAMMED LAFRIKH\.m2\repository\org\assertj\assertj-core\3.26.3\assertj-core-3.26.3.jar;C:\Users\MOHAMMED LAFRIKH\.m2\repository\org\awaitility\awaitility\4.2.2\awaitility-4.2.2.jar;C:\Users\MOHAMMED LAFRIKH\.m2\repository\org\hamcrest\hamcrest\2.2\hamcrest-2.2.jar;C:\Users\MOHAMMED LAFRIKH\.m2\repository\org\mockito\mockito-core\5.14.2\mockito-core-5.14.2.jar;C:\Users\MOHAMMED LAFRIKH\.m2\repository\net\bytebuddy\byte-buddy-agent\1.15.7\byte-buddy-agent-1.15.7.jar;C:\Users\MOHAMMED LAFRIKH\.m2\repository\org\objenesis\objenesis\3.3\objenesis-3.3.jar;C:\Users\MOHAMMED LAFRIKH\.m2\repository\org\mockito\mockito-junit-jupiter\5.14.2\mockito-junit-jupiter-5.14.2.jar;C:\Users\MOHAMMED LAFRIKH\.m2\repository\org\skyscreamer\jsonassert\1.5.3\jsonassert-1.5.3.jar;C:\Users\MOHAMMED LAFRIKH\.m2\repository\com\vaadin\external\google\android-json\0.0.20131108.vaadin1\android-json-0.0.20131108.vaadin1.jar;C:\Users\MOHAMMED LAFRIKH\.m2\repository\org\springframework\spring-core\6.2.0-RC3\spring-core-6.2.0-RC3.jar;C:\Users\MOHAMMED LAFRIKH\.m2\repository\org\springframework\spring-jcl\6.2.0-RC3\spring-jcl-6.2.0-RC3.jar;C:\Users\MOHAMMED LAFRIKH\.m2\repository\org\springframework\spring-test\6.2.0-RC3\spring-test-6.2.0-RC3.jar;C:\Users\MOHAMMED LAFRIKH\.m2\repository\org\xmlunit\xmlunit-core\2.10.0\xmlunit-core-2.10.0.jar;C:\Users\MOHAMMED LAFRIKH\.m2\repository\org\junit\jupiter\junit-jupiter\5.9.0\junit-jupiter-5.9.0.jar;C:\Users\MOHAMMED LAFRIKH\.m2\repository\org\junit\jupiter\junit-jupiter-api\5.11.3\junit-jupiter-api-5.11.3.jar;C:\Users\MOHAMMED LAFRIKH\.m2\repository\org\opentest4j\opentest4j\1.3.0\opentest4j-1.3.0.jar;C:\Users\MOHAMMED LAFRIKH\.m2\repository\org\junit\platform\junit-platform-commons\1.11.3\junit-platform-commons-1.11.3.jar;C:\Users\MOHAMMED LAFRIKH\.m2\repository\org\apiguardian\apiguardian-api\1.1.2\apiguardian-api-1.1.2.jar;C:\Users\MOHAMMED LAFRIKH\.m2\repository\org\junit\jupiter\junit-jupiter-params\5.11.3\junit-jupiter-params-5.11.3.jar;C:\Users\MOHAMMED LAFRIKH\.m2\repository\org\junit\jupiter\junit-jupiter-engine\5.11.3\junit-jupiter-engine-5.11.3.jar;C:\Users\MOHAMMED LAFRIKH\.m2\repository\org\junit\platform\junit-platform-engine\1.11.3\junit-platform-engine-1.11.3.jar;"/>
    <property name="java.vm.vendor" value="Oracle Corporation"/>
    <property name="sun.arch.data.model" value="64"/>
    <property name="user.variant" value=""/>
    <property name="java.vendor.url" value="https://java.oracle.com/"/>
    <property name="user.timezone" value="Africa/Casablanca"/>
    <property name="os.name" value="Windows 10"/>
    <property name="java.vm.specification.version" value="21"/>
    <property name="sun.java.launcher" value="SUN_STANDARD"/>
    <property name="user.country" value="FR"/>
    <property name="sun.boot.library.path" value="C:\Program Files\Java\jdk-21\bin"/>
    <property name="sun.java.command" value="C:\Users\MOHAMMED LAFRIKH\AppData\Local\Temp\surefire8396382998611808959\surefirebooter-20241030234231736_3.jar C:\Users\MOHAMMED LAFRIKH\AppData\Local\Temp\surefire8396382998611808959 2024-10-30T23-42-31_356-jvmRun1 surefire-20241030234231736_1tmp surefire_0-20241030234231736_2tmp"/>
    <property name="jdk.debug" value="release"/>
    <property name="surefire.test.class.path" value="C:\Users\MOHAMMED LAFRIKH\Desktop\student-course-management\target\test-classes;C:\Users\MOHAMMED LAFRIKH\Desktop\student-course-management\target\classes;C:\Users\MOHAMMED LAFRIKH\.m2\repository\org\springframework\boot\spring-boot-starter-data-jpa\3.4.0-SNAPSHOT\spring-boot-starter-data-jpa-3.4.0-SNAPSHOT.jar;C:\Users\MOHAMMED LAFRIKH\.m2\repository\org\springframework\boot\spring-boot-starter-aop\3.4.0-SNAPSHOT\spring-boot-starter-aop-3.4.0-SNAPSHOT.jar;C:\Users\MOHAMMED LAFRIKH\.m2\repository\org\springframework\spring-aop\6.2.0-RC3\spring-aop-6.2.0-RC3.jar;C:\Users\MOHAMMED LAFRIKH\.m2\repository\org\aspectj\aspectjweaver\1.9.22.1\aspectjweaver-1.9.22.1.jar;C:\Users\MOHAMMED LAFRIKH\.m2\repository\org\springframework\boot\spring-boot-starter-jdbc\3.4.0-SNAPSHOT\spring-boot-starter-jdbc-3.4.0-SNAPSHOT.jar;C:\Users\MOHAMMED LAFRIKH\.m2\repository\com\zaxxer\HikariCP\5.1.0\HikariCP-5.1.0.jar;C:\Users\MOHAMMED LAFRIKH\.m2\repository\org\springframework\spring-jdbc\6.2.0-RC3\spring-jdbc-6.2.0-RC3.jar;C:\Users\MOHAMMED LAFRIKH\.m2\repository\org\hibernate\orm\hibernate-core\6.6.1.Final\hibernate-core-6.6.1.Final.jar;C:\Users\MOHAMMED LAFRIKH\.m2\repository\jakarta\persistence\jakarta.persistence-api\3.1.0\jakarta.persistence-api-3.1.0.jar;C:\Users\MOHAMMED LAFRIKH\.m2\repository\jakarta\transaction\jakarta.transaction-api\2.0.1\jakarta.transaction-api-2.0.1.jar;C:\Users\MOHAMMED LAFRIKH\.m2\repository\org\jboss\logging\jboss-logging\3.6.1.Final\jboss-logging-3.6.1.Final.jar;C:\Users\MOHAMMED LAFRIKH\.m2\repository\org\hibernate\common\hibernate-commons-annotations\7.0.1.Final\hibernate-commons-annotations-7.0.1.Final.jar;C:\Users\MOHAMMED LAFRIKH\.m2\repository\io\smallrye\jandex\3.2.0\jandex-3.2.0.jar;C:\Users\MOHAMMED LAFRIKH\.m2\repository\com\fasterxml\classmate\1.7.0\classmate-1.7.0.jar;C:\Users\MOHAMMED LAFRIKH\.m2\repository\net\bytebuddy\byte-buddy\1.15.7\byte-buddy-1.15.7.jar;C:\Users\MOHAMMED LAFRIKH\.m2\repository\org\glassfish\jaxb\jaxb-runtime\4.0.5\jaxb-runtime-4.0.5.jar;C:\Users\MOHAMMED LAFRIKH\.m2\repository\org\glassfish\jaxb\jaxb-core\4.0.5\jaxb-core-4.0.5.jar;C:\Users\MOHAMMED LAFRIKH\.m2\repository\org\eclipse\angus\angus-activation\2.0.2\angus-activation-2.0.2.jar;C:\Users\MOHAMMED LAFRIKH\.m2\repository\org\glassfish\jaxb\txw2\4.0.5\txw2-4.0.5.jar;C:\Users\MOHAMMED LAFRIKH\.m2\repository\com\sun\istack\istack-commons-runtime\4.1.2\istack-commons-runtime-4.1.2.jar;C:\Users\MOHAMMED LAFRIKH\.m2\repository\jakarta\inject\jakarta.inject-api\2.0.1\jakarta.inject-api-2.0.1.jar;C:\Users\MOHAMMED LAFRIKH\.m2\repository\org\antlr\antlr4-runtime\4.13.0\antlr4-runtime-4.13.0.jar;C:\Users\MOHAMMED LAFRIKH\.m2\repository\org\springframework\data\spring-data-jpa\3.4.0-RC1\spring-data-jpa-3.4.0-RC1.jar;C:\Users\MOHAMMED LAFRIKH\.m2\repository\org\springframework\data\spring-data-commons\3.4.0-RC1\spring-data-commons-3.4.0-RC1.jar;C:\Users\MOHAMMED LAFRIKH\.m2\repository\org\springframework\spring-orm\6.2.0-RC3\spring-orm-6.2.0-RC3.jar;C:\Users\MOHAMMED LAFRIKH\.m2\repository\org\springframework\spring-context\6.2.0-RC3\spring-context-6.2.0-RC3.jar;C:\Users\MOHAMMED LAFRIKH\.m2\repository\org\springframework\spring-tx\6.2.0-RC3\spring-tx-6.2.0-RC3.jar;C:\Users\MOHAMMED LAFRIKH\.m2\repository\org\springframework\spring-beans\6.2.0-RC3\spring-beans-6.2.0-RC3.jar;C:\Users\MOHAMMED LAFRIKH\.m2\repository\jakarta\annotation\jakarta.annotation-api\2.1.1\jakarta.annotation-api-2.1.1.jar;C:\Users\MOHAMMED LAFRIKH\.m2\repository\org\slf4j\slf4j-api\2.0.16\slf4j-api-2.0.16.jar;C:\Users\MOHAMMED LAFRIKH\.m2\repository\org\springframework\spring-aspects\6.2.0-RC3\spring-aspects-6.2.0-RC3.jar;C:\Users\MOHAMMED LAFRIKH\.m2\repository\org\springframework\boot\spring-boot-starter-thymeleaf\3.4.0-SNAPSHOT\spring-boot-starter-thymeleaf-3.4.0-SNAPSHOT.jar;C:\Users\MOHAMMED LAFRIKH\.m2\repository\org\springframework\boot\spring-boot-starter\3.4.0-SNAPSHOT\spring-boot-starter-3.4.0-SNAPSHOT.jar;C:\Users\MOHAMMED LAFRIKH\.m2\repository\org\springframework\boot\spring-boot-starter-logging\3.4.0-SNAPSHOT\spring-boot-starter-logging-3.4.0-SNAPSHOT.jar;C:\Users\MOHAMMED LAFRIKH\.m2\repository\ch\qos\logback\logback-classic\1.5.11\logback-classic-1.5.11.jar;C:\Users\MOHAMMED LAFRIKH\.m2\repository\ch\qos\logback\logback-core\1.5.11\logback-core-1.5.11.jar;C:\Users\MOHAMMED LAFRIKH\.m2\repository\org\apache\logging\log4j\log4j-to-slf4j\2.24.1\log4j-to-slf4j-2.24.1.jar;C:\Users\MOHAMMED LAFRIKH\.m2\repository\org\apache\logging\log4j\log4j-api\2.24.1\log4j-api-2.24.1.jar;C:\Users\MOHAMMED LAFRIKH\.m2\repository\org\slf4j\jul-to-slf4j\2.0.16\jul-to-slf4j-2.0.16.jar;C:\Users\MOHAMMED LAFRIKH\.m2\repository\org\yaml\snakeyaml\2.3\snakeyaml-2.3.jar;C:\Users\MOHAMMED LAFRIKH\.m2\repository\org\thymeleaf\thymeleaf-spring6\3.1.2.RELEASE\thymeleaf-spring6-3.1.2.RELEASE.jar;C:\Users\MOHAMMED LAFRIKH\.m2\repository\org\thymeleaf\thymeleaf\3.1.2.RELEASE\thymeleaf-3.1.2.RELEASE.jar;C:\Users\MOHAMMED LAFRIKH\.m2\repository\org\attoparser\attoparser\2.0.7.RELEASE\attoparser-2.0.7.RELEASE.jar;C:\Users\MOHAMMED LAFRIKH\.m2\repository\org\unbescape\unbescape\1.1.6.RELEASE\unbescape-1.1.6.RELEASE.jar;C:\Users\MOHAMMED LAFRIKH\.m2\repository\org\springframework\boot\spring-boot-starter-web\3.4.0-SNAPSHOT\spring-boot-starter-web-3.4.0-SNAPSHOT.jar;C:\Users\MOHAMMED LAFRIKH\.m2\repository\org\springframework\boot\spring-boot-starter-json\3.4.0-SNAPSHOT\spring-boot-starter-json-3.4.0-SNAPSHOT.jar;C:\Users\MOHAMMED LAFRIKH\.m2\repository\com\fasterxml\jackson\core\jackson-databind\2.18.0\jackson-databind-2.18.0.jar;C:\Users\MOHAMMED LAFRIKH\.m2\repository\com\fasterxml\jackson\core\jackson-annotations\2.18.0\jackson-annotations-2.18.0.jar;C:\Users\MOHAMMED LAFRIKH\.m2\repository\com\fasterxml\jackson\core\jackson-core\2.18.0\jackson-core-2.18.0.jar;C:\Users\MOHAMMED LAFRIKH\.m2\repository\com\fasterxml\jackson\datatype\jackson-datatype-jdk8\2.18.0\jackson-datatype-jdk8-2.18.0.jar;C:\Users\MOHAMMED LAFRIKH\.m2\repository\com\fasterxml\jackson\datatype\jackson-datatype-jsr310\2.18.0\jackson-datatype-jsr310-2.18.0.jar;C:\Users\MOHAMMED LAFRIKH\.m2\repository\com\fasterxml\jackson\module\jackson-module-parameter-names\2.18.0\jackson-module-parameter-names-2.18.0.jar;C:\Users\MOHAMMED LAFRIKH\.m2\repository\org\springframework\boot\spring-boot-starter-tomcat\3.4.0-SNAPSHOT\spring-boot-starter-tomcat-3.4.0-SNAPSHOT.jar;C:\Users\MOHAMMED LAFRIKH\.m2\repository\org\apache\tomcat\embed\tomcat-embed-core\10.1.31\tomcat-embed-core-10.1.31.jar;C:\Users\MOHAMMED LAFRIKH\.m2\repository\org\apache\tomcat\embed\tomcat-embed-el\10.1.31\tomcat-embed-el-10.1.31.jar;C:\Users\MOHAMMED LAFRIKH\.m2\repository\org\apache\tomcat\embed\tomcat-embed-websocket\10.1.31\tomcat-embed-websocket-10.1.31.jar;C:\Users\MOHAMMED LAFRIKH\.m2\repository\org\springframework\spring-web\6.2.0-RC3\spring-web-6.2.0-RC3.jar;C:\Users\MOHAMMED LAFRIKH\.m2\repository\io\micrometer\micrometer-observation\1.14.0-RC1\micrometer-observation-1.14.0-RC1.jar;C:\Users\MOHAMMED LAFRIKH\.m2\repository\io\micrometer\micrometer-commons\1.14.0-RC1\micrometer-commons-1.14.0-RC1.jar;C:\Users\MOHAMMED LAFRIKH\.m2\repository\org\springframework\spring-webmvc\6.2.0-RC3\spring-webmvc-6.2.0-RC3.jar;C:\Users\MOHAMMED LAFRIKH\.m2\repository\org\springframework\spring-expression\6.2.0-RC3\spring-expression-6.2.0-RC3.jar;C:\Users\MOHAMMED LAFRIKH\.m2\repository\org\springframework\boot\spring-boot-devtools\3.4.0-SNAPSHOT\spring-boot-devtools-3.4.0-SNAPSHOT.jar;C:\Users\MOHAMMED LAFRIKH\.m2\repository\org\springframework\boot\spring-boot\3.4.0-SNAPSHOT\spring-boot-3.4.0-SNAPSHOT.jar;C:\Users\MOHAMMED LAFRIKH\.m2\repository\org\springframework\boot\spring-boot-autoconfigure\3.4.0-SNAPSHOT\spring-boot-autoconfigure-3.4.0-SNAPSHOT.jar;C:\Users\MOHAMMED LAFRIKH\.m2\repository\com\mysql\mysql-connector-j\9.1.0\mysql-connector-j-9.1.0.jar;C:\Users\MOHAMMED LAFRIKH\.m2\repository\org\springframework\boot\spring-boot-starter-test\3.4.0-SNAPSHOT\spring-boot-starter-test-3.4.0-SNAPSHOT.jar;C:\Users\MOHAMMED LAFRIKH\.m2\repository\org\springframework\boot\spring-boot-test\3.4.0-SNAPSHOT\spring-boot-test-3.4.0-SNAPSHOT.jar;C:\Users\MOHAMMED LAFRIKH\.m2\repository\org\springframework\boot\spring-boot-test-autoconfigure\3.4.0-SNAPSHOT\spring-boot-test-autoconfigure-3.4.0-SNAPSHOT.jar;C:\Users\MOHAMMED LAFRIKH\.m2\repository\com\jayway\jsonpath\json-path\2.9.0\json-path-2.9.0.jar;C:\Users\MOHAMMED LAFRIKH\.m2\repository\jakarta\xml\bind\jakarta.xml.bind-api\4.0.2\jakarta.xml.bind-api-4.0.2.jar;C:\Users\MOHAMMED LAFRIKH\.m2\repository\jakarta\activation\jakarta.activation-api\2.1.3\jakarta.activation-api-2.1.3.jar;C:\Users\MOHAMMED LAFRIKH\.m2\repository\net\minidev\json-smart\2.5.1\json-smart-2.5.1.jar;C:\Users\MOHAMMED LAFRIKH\.m2\repository\net\minidev\accessors-smart\2.5.1\accessors-smart-2.5.1.jar;C:\Users\MOHAMMED LAFRIKH\.m2\repository\org\ow2\asm\asm\9.6\asm-9.6.jar;C:\Users\MOHAMMED LAFRIKH\.m2\repository\org\assertj\assertj-core\3.26.3\assertj-core-3.26.3.jar;C:\Users\MOHAMMED LAFRIKH\.m2\repository\org\awaitility\awaitility\4.2.2\awaitility-4.2.2.jar;C:\Users\MOHAMMED LAFRIKH\.m2\repository\org\hamcrest\hamcrest\2.2\hamcrest-2.2.jar;C:\Users\MOHAMMED LAFRIKH\.m2\repository\org\mockito\mockito-core\5.14.2\mockito-core-5.14.2.jar;C:\Users\MOHAMMED LAFRIKH\.m2\repository\net\bytebuddy\byte-buddy-agent\1.15.7\byte-buddy-agent-1.15.7.jar;C:\Users\MOHAMMED LAFRIKH\.m2\repository\org\objenesis\objenesis\3.3\objenesis-3.3.jar;C:\Users\MOHAMMED LAFRIKH\.m2\repository\org\mockito\mockito-junit-jupiter\5.14.2\mockito-junit-jupiter-5.14.2.jar;C:\Users\MOHAMMED LAFRIKH\.m2\repository\org\skyscreamer\jsonassert\1.5.3\jsonassert-1.5.3.jar;C:\Users\MOHAMMED LAFRIKH\.m2\repository\com\vaadin\external\google\android-json\0.0.20131108.vaadin1\android-json-0.0.20131108.vaadin1.jar;C:\Users\MOHAMMED LAFRIKH\.m2\repository\org\springframework\spring-core\6.2.0-RC3\spring-core-6.2.0-RC3.jar;C:\Users\MOHAMMED LAFRIKH\.m2\repository\org\springframework\spring-jcl\6.2.0-RC3\spring-jcl-6.2.0-RC3.jar;C:\Users\MOHAMMED LAFRIKH\.m2\repository\org\springframework\spring-test\6.2.0-RC3\spring-test-6.2.0-RC3.jar;C:\Users\MOHAMMED LAFRIKH\.m2\repository\org\xmlunit\xmlunit-core\2.10.0\xmlunit-core-2.10.0.jar;C:\Users\MOHAMMED LAFRIKH\.m2\repository\org\junit\jupiter\junit-jupiter\5.9.0\junit-jupiter-5.9.0.jar;C:\Users\MOHAMMED LAFRIKH\.m2\repository\org\junit\jupiter\junit-jupiter-api\5.11.3\junit-jupiter-api-5.11.3.jar;C:\Users\MOHAMMED LAFRIKH\.m2\repository\org\opentest4j\opentest4j\1.3.0\opentest4j-1.3.0.jar;C:\Users\MOHAMMED LAFRIKH\.m2\repository\org\junit\platform\junit-platform-commons\1.11.3\junit-platform-commons-1.11.3.jar;C:\Users\MOHAMMED LAFRIKH\.m2\repository\org\apiguardian\apiguardian-api\1.1.2\apiguardian-api-1.1.2.jar;C:\Users\MOHAMMED LAFRIKH\.m2\repository\org\junit\jupiter\junit-jupiter-params\5.11.3\junit-jupiter-params-5.11.3.jar;C:\Users\MOHAMMED LAFRIKH\.m2\repository\org\junit\jupiter\junit-jupiter-engine\5.11.3\junit-jupiter-engine-5.11.3.jar;C:\Users\MOHAMMED LAFRIKH\.m2\repository\org\junit\platform\junit-platform-engine\1.11.3\junit-platform-engine-1.11.3.jar;"/>
    <property name="sun.cpu.endian" value="little"/>
    <property name="user.home" value="C:\Users\MOHAMMED LAFRIKH"/>
    <property name="user.language" value="fr"/>
    <property name="java.specification.vendor" value="Oracle Corporation"/>
    <property name="java.version.date" value="2024-01-16"/>
    <property name="java.home" value="C:\Program Files\Java\jdk-21"/>
    <property name="file.separator" value="\"/>
    <property name="basedir" value="C:\Users\MOHAMMED LAFRIKH\Desktop\student-course-management"/>
    <property name="java.vm.compressedOopsMode" value="Zero based"/>
    <property name="line.separator" value="&#10;"/>
    <property name="java.vm.specification.vendor" value="Oracle Corporation"/>
    <property name="java.specification.name" value="Java Platform API Specification"/>
    <property name="surefire.real.class.path" value="C:\Users\MOHAMMED LAFRIKH\AppData\Local\Temp\surefire8396382998611808959\surefirebooter-20241030234231736_3.jar"/>
    <property name="user.script" value=""/>
    <property name="sun.management.compiler" value="HotSpot 64-Bit Tiered Compilers"/>
    <property name="java.runtime.version" value="21.0.2+13-LTS-58"/>
    <property name="user.name" value="MOHAMMED_LAFRIKH"/>
    <property name="stdout.encoding" value="Cp1252"/>
    <property name="path.separator" value=";"/>
    <property name="os.version" value="10.0"/>
    <property name="java.runtime.name" value="Java(TM) SE Runtime Environment"/>
    <property name="file.encoding" value="UTF-8"/>
    <property name="java.vm.name" value="Java HotSpot(TM) 64-Bit Server VM"/>
    <property name="localRepository" value="C:\Users\MOHAMMED LAFRIKH\.m2\repository"/>
    <property name="java.vendor.url.bug" value="https://bugreport.java.com/bugreport/"/>
    <property name="java.io.tmpdir" value="C:\Users\MOHAMM~1\AppData\Local\Temp\"/>
    <property name="java.version" value="21.0.2"/>
    <property name="user.dir" value="C:\Users\MOHAMMED LAFRIKH\Desktop\student-course-management"/>
    <property name="os.arch" value="amd64"/>
    <property name="java.vm.specification.name" value="Java Virtual Machine Specification"/>
    <property name="sun.os.patch.level" value=""/>
    <property name="native.encoding" value="Cp1252"/>
    <property name="java.library.path" value="C:\Program Files\Java\jdk-21\bin;C:\Windows\Sun\Java\bin;C:\Windows\system32;C:\Windows;C:\Program Files\Apache\maven\apache-maven-3.9.9\bin;C:\Users\MOHAMMED LAFRIKH\AppData\Local\Microsoft\WindowsApps;C:\Users\MOHAMMED LAFRIKH\AppData\Local\Programs\Microsoft VS Code\bin;C:\Users\MOHAMMED LAFRIKH\AppData\Roaming\Composer\vendor\bin;C:\Users\MOHAMMED LAFRIKH\AppData\Roaming\npm;C:\msys64\ucrt64\bin;;C:\Program Files\JetBrains\IntelliJ IDEA 2024.2.4\bin;;."/>
    <property name="java.vm.info" value="mixed mode, sharing"/>
    <property name="stderr.encoding" value="Cp1252"/>
    <property name="java.vendor" value="Oracle Corporation"/>
    <property name="java.vm.version" value="21.0.2+13-LTS-58"/>
    <property name="sun.io.unicode.encoding" value="UnicodeLittle"/>
    <property name="java.class.version" value="65.0"/>
  </properties>
  <testcase name="testApp" classname="com.example.AppTest" time="0.037"/>
</testsuite>